🚀 Starting auto-sync every 60 seconds...
--- Sat Mar  7 07:31:01 EST 2026 ---
→ Pulling from GitHub...
From https://github.com/kokodagwapo/pm
 * branch            main       -> FETCH_HEAD
Already up to date.
→ Running sync-to-github.sh...
→ Aborting any in-progress merge or rebase...
→ Removing index lock if present...
→ Staging all current files...
→ Committing (if anything is new)...
[main 03d502d] chore: sync Replit → GitHub
 3 files changed, 34 insertions(+)
 create mode 100644 auto-sync.log
 create mode 100755 auto-sync.sh
 mode change 100644 => 100755 sync-to-github.sh
→ Force-pushing branch 'main' to GitHub...
To https://github.com/kokodagwapo/pm.git
   ee76194..03d502d  main -> main

✓ Done — GitHub is now in sync with Replit.
→ Sleeping for 60 seconds...
--- Sat Mar  7 07:32:02 EST 2026 ---
→ Pulling from GitHub...
From https://github.com/kokodagwapo/pm
 * branch            main       -> FETCH_HEAD
Already up to date.
→ Running sync-to-github.sh...
→ Aborting any in-progress merge or rebase...
→ Removing index lock if present...
→ Staging all current files...
